<?xml version="1.0" encoding="UTF-8"?>
<!-- Generated by org.testng.reporters.JUnitReportReporter -->
<testsuite hostname="DESKTOP-H5CHME6" failures="0" tests="1" name="TestCases.T027_Landlord_Reminder_Page" time="84.184" errors="0" timestamp="2023-10-16T13:58:54 IST" skipped="0">
  <testcase classname="TestCases.T027_Landlord_Reminder_Page" name="Validate" time="84.184"/>
  <system-out/>
</testsuite> <!-- TestCases.T027_Landlord_Reminder_Page -->
