<?xml version="1.0" encoding="UTF-8"?>
<!-- Generated by org.testng.reporters.JUnitReportReporter -->
<testsuite hostname="DESKTOP-H5CHME6" failures="0" tests="1" name="TestCases.LoginTest" time="9.203" errors="0" timestamp="2023-09-07T14:16:40 IST" skipped="0">
  <testcase classname="TestCases.LoginTest" name="Validate" time="9.203"/>
  <system-out/>
</testsuite> <!-- TestCases.LoginTest -->
