<?xml version="1.0" encoding="UTF-8"?>
<!-- Generated by org.testng.reporters.JUnitReportReporter -->
<testsuite hostname="DESKTOP-H5CHME6" failures="0" tests="1" name="TestCases.T007_add_Transaction_page" time="97.645" errors="0" timestamp="2023-10-04T01:41:18 IST" skipped="0">
  <testcase classname="TestCases.T007_add_Transaction_page" name="Validate" time="97.645"/>
  <system-out/>
</testsuite> <!-- TestCases.T007_add_Transaction_page -->
