<?xml version="1.0" encoding="UTF-8"?>
<!-- Generated by org.testng.reporters.JUnitReportReporter -->
<testsuite hostname="DESKTOP-H5CHME6" failures="0" tests="1" name="TestCases.T005" time="26.713" errors="0" timestamp="2023-09-17T16:14:51 IST" skipped="0">
  <testcase classname="TestCases.T005" name="Validate" time="26.713"/>
  <system-out/>
</testsuite> <!-- TestCases.T005 -->
