<?xml version="1.0" encoding="UTF-8"?>
<!-- Generated by org.testng.reporters.JUnitReportReporter -->
<testsuite hostname="DESKTOP-H5CHME6" failures="0" tests="1" name="TestCases.T010" time="11.060" errors="0" timestamp="2023-09-12T01:26:18 IST" skipped="0">
  <testcase classname="TestCases.T010" name="Validate" time="11.060"/>
  <system-out/>
</testsuite> <!-- TestCases.T010 -->
