<?xml version="1.0" encoding="UTF-8"?>
<!-- Generated by org.testng.reporters.JUnitReportReporter -->
<testsuite hostname="DESKTOP-H5CHME6" failures="0" tests="1" name="TestCases.T001_login_page" time="8.835" errors="0" timestamp="2023-11-08T16:28:09 IST" skipped="0">
  <testcase classname="TestCases.T001_login_page" name="Validate" time="8.835"/>
  <system-out/>
</testsuite> <!-- TestCases.T001_login_page -->
