<?xml version="1.0" encoding="UTF-8"?>
<!-- Generated by org.testng.reporters.JUnitReportReporter -->
<testsuite hostname="DESKTOP-H5CHME6" failures="0" tests="1" name="TestCases.T001_login_page" time="9.494" errors="0" timestamp="2023-09-20T14:00:59 IST" skipped="0">
  <testcase classname="TestCases.T001_login_page" name="Validate" time="9.494"/>
  <system-out/>
</testsuite> <!-- TestCases.T001_login_page -->
