<?xml version="1.0" encoding="UTF-8"?>
<!-- Generated by org.testng.reporters.JUnitReportReporter -->
<testsuite hostname="DESKTOP-H5CHME6" failures="0" tests="1" name="TestCases.T012_chart_of_account_page" time="45.882" errors="0" timestamp="2023-10-03T17:25:17 IST" skipped="0">
  <testcase classname="TestCases.T012_chart_of_account_page" name="Validate" time="45.882"/>
  <system-out/>
</testsuite> <!-- TestCases.T012_chart_of_account_page -->
