<?xml version="1.0" encoding="UTF-8"?>
<!-- Generated by org.testng.reporters.JUnitReportReporter -->
<testsuite hostname="DESKTOP-H5CHME6" failures="0" tests="1" name="TestCases.AddpropertyTest" time="119.611" errors="0" timestamp="2023-03-12T04:32:46 IST" skipped="0">
  <testcase classname="TestCases.AddpropertyTest" name="Validateproperty" time="119.611"/>
  <system-out/>
</testsuite> <!-- TestCases.AddpropertyTest -->
