<?xml version="1.0" encoding="UTF-8"?>
<!-- Generated by org.testng.reporters.JUnitReportReporter -->
<testsuite hostname="DESKTOP-H5CHME6" failures="0" tests="1" name="TestCases.T011_chart_of_account_page" time="365.938" errors="0" timestamp="2023-10-04T01:27:44 IST" skipped="0">
  <testcase classname="TestCases.T011_chart_of_account_page" name="Validate" time="365.938"/>
  <system-out/>
</testsuite> <!-- TestCases.T011_chart_of_account_page -->
