<?xml version="1.0" encoding="UTF-8"?>
<!-- Generated by org.testng.reporters.JUnitReportReporter -->
<testsuite hostname="DESKTOP-H5CHME6" failures="0" tests="1" name="TestCases.T001" time="9.157" errors="0" timestamp="2023-09-11T14:12:51 IST" skipped="0">
  <testcase classname="TestCases.T001" name="Validate" time="9.157"/>
  <system-out/>
</testsuite> <!-- TestCases.T001 -->
