<?xml version="1.0" encoding="UTF-8"?>
<!-- Generated by org.testng.reporters.JUnitReportReporter -->
<testsuite hostname="DESKTOP-H5CHME6" failures="0" tests="1" name="TestCases.T015_Renter_Home_Page" time="8.112" errors="0" timestamp="2023-10-09T14:42:03 IST" skipped="0">
  <testcase classname="TestCases.T015_Renter_Home_Page" name="Validate" time="8.112"/>
  <system-out/>
</testsuite> <!-- TestCases.T015_Renter_Home_Page -->
