<?xml version="1.0" encoding="UTF-8"?>
<!-- Generated by org.testng.reporters.JUnitReportReporter -->
<testsuite hostname="DESKTOP-H5CHME6" failures="0" tests="1" name="TestCases.T007" time="49.426" errors="0" timestamp="2023-09-16T01:05:09 IST" skipped="0">
  <testcase classname="TestCases.T007" name="Validate" time="49.426"/>
  <system-out/>
</testsuite> <!-- TestCases.T007 -->
