<?xml version="1.0" encoding="UTF-8"?>
<!-- Generated by org.testng.reporters.JUnitReportReporter -->
<testsuite hostname="DESKTOP-H5CHME6" failures="0" tests="1" name="TestCases.T029_Renter_Reminder_Page" time="82.622" errors="0" timestamp="2023-10-16T14:53:37 IST" skipped="0">
  <testcase classname="TestCases.T029_Renter_Reminder_Page" name="Validate" time="82.622"/>
  <system-out/>
</testsuite> <!-- TestCases.T029_Renter_Reminder_Page -->
