<?xml version="1.0" encoding="UTF-8"?>
<!-- Generated by org.testng.reporters.JUnitReportReporter -->
<testsuite hostname="DESKTOP-H5CHME6" failures="0" tests="1" name="TestCases.HomepageTest" time="8.927" errors="0" timestamp="2023-03-30T22:37:40 IST" skipped="0">
  <testcase classname="TestCases.HomepageTest" name="Validate" time="8.927"/>
  <system-out/>
</testsuite> <!-- TestCases.HomepageTest -->
