<?xml version="1.0" encoding="UTF-8"?>
<!-- Generated by org.testng.reporters.JUnitReportReporter -->
<testsuite hostname="DESKTOP-H5CHME6" failures="0" tests="1" name="TestCases.T016_Renter_My_Rental_Page" time="29.391" errors="0" timestamp="2023-10-09T15:28:55 IST" skipped="0">
  <testcase classname="TestCases.T016_Renter_My_Rental_Page" name="Validate" time="29.391"/>
  <system-out/>
</testsuite> <!-- TestCases.T016_Renter_My_Rental_Page -->
