<?xml version="1.0" encoding="UTF-8"?>
<!-- Generated by org.testng.reporters.JUnitReportReporter -->
<testsuite hostname="DESKTOP-H5CHME6" failures="0" tests="1" name="TestCases.T018_Renter_settings_page" time="35.468" errors="0" timestamp="2023-10-16T14:51:34 IST" skipped="0">
  <testcase classname="TestCases.T018_Renter_settings_page" name="Validate" time="35.468"/>
  <system-out/>
</testsuite> <!-- TestCases.T018_Renter_settings_page -->
