<?xml version="1.0" encoding="UTF-8"?>
<!-- Generated by org.testng.reporters.JUnitReportReporter -->
<testsuite hostname="DESKTOP-H5CHME6" failures="0" tests="1" name="TestCases.T008_add_deposit_page" time="157.871" errors="0" timestamp="2023-10-04T01:38:30 IST" skipped="0">
  <testcase classname="TestCases.T008_add_deposit_page" name="Validate" time="157.871"/>
  <system-out/>
</testsuite> <!-- TestCases.T008_add_deposit_page -->
