<?xml version="1.0" encoding="UTF-8"?>
<!-- Generated by org.testng.reporters.JUnitReportReporter -->
<testsuite hostname="DESKTOP-H5CHME6" failures="0" tests="1" name="TestCases.T006" time="49.923" errors="0" timestamp="2023-09-17T16:31:47 IST" skipped="0">
  <testcase classname="TestCases.T006" name="Validate" time="49.923"/>
  <system-out/>
</testsuite> <!-- TestCases.T006 -->
