<?xml version="1.0" encoding="UTF-8"?>
<!-- Generated by org.testng.reporters.JUnitReportReporter -->
<testsuite hostname="DESKTOP-H5CHME6" failures="0" tests="1" name="TestCases.T025_Tradesman_New_service_Page" time="130.704" errors="0" timestamp="2023-10-15T14:27:00 IST" skipped="0">
  <testcase classname="TestCases.T025_Tradesman_New_service_Page" name="Validate" time="130.704"/>
  <system-out/>
</testsuite> <!-- TestCases.T025_Tradesman_New_service_Page -->
