<?xml version="1.0" encoding="UTF-8"?>
<!-- Generated by org.testng.reporters.JUnitReportReporter -->
<testsuite hostname="DESKTOP-H5CHME6" failures="0" tests="1" name="TestCases.T024_Tradesman_Add_New_User_Page" time="77.457" errors="0" timestamp="2023-10-14T08:29:26 IST" skipped="0">
  <testcase classname="TestCases.T024_Tradesman_Add_New_User_Page" name="Validate" time="77.457"/>
  <system-out/>
</testsuite> <!-- TestCases.T024_Tradesman_Add_New_User_Page -->
