<?xml version="1.0" encoding="UTF-8"?>
<!-- Generated by org.testng.reporters.JUnitReportReporter -->
<testsuite hostname="DESKTOP-H5CHME6" failures="0" tests="1" name="TestCases.T026_Tradesman_Find_It_Page" time="47.545" errors="0" timestamp="2023-10-15T15:00:53 IST" skipped="0">
  <testcase classname="TestCases.T026_Tradesman_Find_It_Page" name="Validate" time="47.545"/>
  <system-out/>
</testsuite> <!-- TestCases.T026_Tradesman_Find_It_Page -->
