<?xml version="1.0" encoding="UTF-8"?>
<!-- Generated by org.testng.reporters.JUnitReportReporter -->
<testsuite hostname="DESKTOP-H5CHME6" failures="0" tests="1" name="TestCases.T013_User_role_page" time="134.191" errors="0" timestamp="2023-10-04T03:05:49 IST" skipped="0">
  <testcase classname="TestCases.T013_User_role_page" name="Validate" time="134.191"/>
  <system-out/>
</testsuite> <!-- TestCases.T013_User_role_page -->
