<?xml version="1.0" encoding="UTF-8"?>
<!-- Generated by org.testng.reporters.JUnitReportReporter -->
<testsuite hostname="DESKTOP-H5CHME6" failures="0" tests="1" name="TestCases.T009" time="55.496" errors="0" timestamp="2023-09-15T15:12:34 IST" skipped="0">
  <testcase classname="TestCases.T009" name="Validate" time="55.496"/>
  <system-out/>
</testsuite> <!-- TestCases.T009 -->
