<?xml version="1.0" encoding="UTF-8"?>
<!-- Generated by org.testng.reporters.JUnitReportReporter -->
<testsuite hostname="DESKTOP-H5CHME6" failures="0" tests="1" name="TestCases.T004_Add_new_user_page" time="73.666" errors="0" timestamp="2023-09-21T00:29:14 IST" skipped="0">
  <testcase classname="TestCases.T004_Add_new_user_page" name="Validate" time="73.666"/>
  <system-out/>
</testsuite> <!-- TestCases.T004_Add_new_user_page -->
