<?xml version="1.0" encoding="UTF-8"?>
<!-- Generated by org.testng.reporters.JUnitReportReporter -->
<testsuite hostname="DESKTOP-H5CHME6" failures="0" tests="1" name="TestCases.T008" time="71.954" errors="0" timestamp="2023-09-16T01:08:58 IST" skipped="0">
  <testcase classname="TestCases.T008" name="Validate" time="71.954"/>
  <system-out/>
</testsuite> <!-- TestCases.T008 -->
