<?xml version="1.0" encoding="UTF-8"?>
<!-- Generated by org.testng.reporters.JUnitReportReporter -->
<testsuite hostname="DESKTOP-H5CHME6" failures="0" tests="1" name="TestCases.T021_Tradesman_Home_page" time="8.827" errors="0" timestamp="2023-10-14T05:54:19 IST" skipped="0">
  <testcase classname="TestCases.T021_Tradesman_Home_page" name="Validate" time="8.827"/>
  <system-out/>
</testsuite> <!-- TestCases.T021_Tradesman_Home_page -->
