<?xml version="1.0" encoding="UTF-8"?>
<!-- Generated by org.testng.reporters.JUnitReportReporter -->
<testsuite hostname="DESKTOP-H5CHME6" failures="0" tests="1" name="TestCases.T028_Tradesman_Reminder_Page" time="84.093" errors="0" timestamp="2023-10-16T14:24:00 IST" skipped="0">
  <testcase classname="TestCases.T028_Tradesman_Reminder_Page" name="Validate" time="84.093"/>
  <system-out/>
</testsuite> <!-- TestCases.T028_Tradesman_Reminder_Page -->
