<?xml version="1.0" encoding="UTF-8"?>
<!-- Generated by org.testng.reporters.JUnitReportReporter -->
<testsuite hostname="DESKTOP-H5CHME6" failures="0" tests="1" name="TestCases.T019_RenterUser_Role_Page" time="75.411" errors="0" timestamp="2023-10-12T17:50:48 IST" skipped="0">
  <testcase classname="TestCases.T019_RenterUser_Role_Page" name="Validate" time="75.411"/>
  <system-out/>
</testsuite> <!-- TestCases.T019_RenterUser_Role_Page -->
