<?xml version="1.0" encoding="UTF-8"?>
<!-- Generated by org.testng.reporters.JUnitReportReporter -->
<testsuite hostname="DESKTOP-H5CHME6" failures="0" tests="1" name="TestCases.T012_create_invoice_page" time="169.887" errors="0" timestamp="2023-10-04T01:33:09 IST" skipped="0">
  <testcase classname="TestCases.T012_create_invoice_page" name="Validate" time="169.887"/>
  <system-out/>
</testsuite> <!-- TestCases.T012_create_invoice_page -->
