<?xml version="1.0" encoding="UTF-8"?>
<!-- Generated by org.testng.reporters.JUnitReportReporter -->
<testsuite hostname="DESKTOP-H5CHME6" failures="0" tests="1" name="TestCases.HomepageTest" time="8.893" errors="0" timestamp="2023-09-11T14:14:23 IST" skipped="0">
  <testcase classname="TestCases.HomepageTest" name="Validate" time="8.893"/>
  <system-out/>
</testsuite> <!-- TestCases.HomepageTest -->
