<?xml version="1.0" encoding="UTF-8"?>
<!-- Generated by org.testng.reporters.JUnitReportReporter -->
<testsuite hostname="DESKTOP-H5CHME6" failures="0" tests="1" name="TestCases.T003" time="257.649" errors="0" timestamp="2023-09-12T17:55:41 IST" skipped="0">
  <testcase classname="TestCases.T003" name="Validate" time="257.649"/>
  <system-out/>
</testsuite> <!-- TestCases.T003 -->
