<?xml version="1.0" encoding="UTF-8"?>
<!-- Generated by org.testng.reporters.JUnitReportReporter -->
<testsuite hostname="DESKTOP-H5CHME6" failures="0" tests="1" name="TestCases.T017_Renter_Contacts" time="71.424" errors="0" timestamp="2023-10-12T16:56:00 IST" skipped="0">
  <testcase classname="TestCases.T017_Renter_Contacts" name="Validate" time="71.424"/>
  <system-out/>
</testsuite> <!-- TestCases.T017_Renter_Contacts -->
