<?xml version="1.0" encoding="UTF-8"?>
<!-- Generated by org.testng.reporters.JUnitReportReporter -->
<testsuite hostname="DESKTOP-H5CHME6" failures="0" tests="1" name="TestCases.HomepageTest" time="10.718" errors="0" timestamp="2023-03-16T09:14:57 IST" skipped="0">
  <testcase classname="TestCases.HomepageTest" name="Validate" time="10.718"/>
  <system-out/>
</testsuite> <!-- TestCases.HomepageTest -->
