<?xml version="1.0" encoding="UTF-8"?>
<!-- Generated by org.testng.reporters.JUnitReportReporter -->
<testsuite hostname="DESKTOP-H5CHME6" failures="0" tests="1" name="TestCases.T022_Tradesman_settings_Page" time="29.719" errors="0" timestamp="2023-10-14T06:01:39 IST" skipped="0">
  <testcase classname="TestCases.T022_Tradesman_settings_Page" name="Validate" time="29.719"/>
  <system-out/>
</testsuite> <!-- TestCases.T022_Tradesman_settings_Page -->
