<?xml version="1.0" encoding="UTF-8"?>
<!-- Generated by org.testng.reporters.JUnitReportReporter -->
<testsuite hostname="DESKTOP-H5CHME6" failures="0" tests="1" name="TestCases.T011_create_invoice_page" time="171.049" errors="0" timestamp="2023-10-03T16:50:52 IST" skipped="0">
  <testcase classname="TestCases.T011_create_invoice_page" name="Validate" time="171.049"/>
  <system-out/>
</testsuite> <!-- TestCases.T011_create_invoice_page -->
