<?xml version="1.0" encoding="UTF-8"?>
<!-- Generated by org.testng.reporters.JUnitReportReporter -->
<testsuite hostname="DESKTOP-H5CHME6" failures="0" tests="1" name="TestCases.LoginTest" time="11.867" errors="0" timestamp="2023-03-30T22:37:40 IST" skipped="0">
  <testcase classname="TestCases.LoginTest" name="Validate" time="11.867"/>
  <system-out/>
</testsuite> <!-- TestCases.LoginTest -->
