<?xml version="1.0" encoding="UTF-8"?>
<!-- Generated by org.testng.reporters.JUnitReportReporter -->
<testsuite hostname="DESKTOP-H5CHME6" failures="0" tests="1" name="TestCases.T014_Renter_Login_Page" time="8.157" errors="0" timestamp="2023-10-09T14:43:53 IST" skipped="0">
  <testcase classname="TestCases.T014_Renter_Login_Page" name="Validate" time="8.157"/>
  <system-out/>
</testsuite> <!-- TestCases.T014_Renter_Login_Page -->
