<?xml version="1.0" encoding="UTF-8"?>
<!-- Generated by org.testng.reporters.JUnitReportReporter -->
<testsuite hostname="DESKTOP-H5CHME6" failures="0" tests="1" name="TestCases.T020_Tradesman_Login_Page" time="8.546" errors="0" timestamp="2023-10-14T05:51:20 IST" skipped="0">
  <testcase classname="TestCases.T020_Tradesman_Login_Page" name="Validate" time="8.546"/>
  <system-out/>
</testsuite> <!-- TestCases.T020_Tradesman_Login_Page -->
