<?xml version="1.0" encoding="UTF-8"?>
<!-- Generated by org.testng.reporters.JUnitReportReporter -->
<testsuite hostname="DESKTOP-H5CHME6" failures="0" tests="1" name="TestCases.T005_add_agreement_page" time="288.500" errors="0" timestamp="2023-09-20T14:00:59 IST" skipped="0">
  <testcase classname="TestCases.T005_add_agreement_page" name="Validate" time="288.500"/>
  <system-out/>
</testsuite> <!-- TestCases.T005_add_agreement_page -->
