<?xml version="1.0" encoding="UTF-8"?>
<!-- Generated by org.testng.reporters.JUnitReportReporter -->
<testsuite hostname="DESKTOP-H5CHME6" failures="0" tests="1" name="TestCases.T004" time="115.881" errors="0" timestamp="2023-09-16T00:57:12 IST" skipped="0">
  <testcase classname="TestCases.T004" name="Validate" time="115.881"/>
  <system-out/>
</testsuite> <!-- TestCases.T004 -->
