<?xml version="1.0" encoding="UTF-8"?>
<!-- Generated by org.testng.reporters.JUnitReportReporter -->
<testsuite hostname="DESKTOP-H5CHME6" failures="0" tests="1" name="TestCases.T023_Trademan_User_role_page" time="102.639" errors="0" timestamp="2023-10-14T06:40:05 IST" skipped="0">
  <testcase classname="TestCases.T023_Trademan_User_role_page" name="Validate" time="102.639"/>
  <system-out/>
</testsuite> <!-- TestCases.T023_Trademan_User_role_page -->
