<?xml version="1.0" encoding="UTF-8"?>
<!-- Generated by org.testng.reporters.JUnitReportReporter -->
<testsuite hostname="DESKTOP-H5CHME6" failures="0" tests="1" name="TestCases.T002" time="8.939" errors="0" timestamp="2023-09-11T14:16:58 IST" skipped="0">
  <testcase classname="TestCases.T002" name="Validate" time="8.939"/>
  <system-out/>
</testsuite> <!-- TestCases.T002 -->
